  21123.cpp
C:\Users\QQ\source\21123\21123\21123.cpp(157,21): warning C4566: character represented by universal-character-name '\u1EAD' cannot be represented in the current code page (932)
C:\Users\QQ\source\21123\21123\21123.cpp(157,21): warning C4566: character represented by universal-character-name '\u00E1' cannot be represented in the current code page (932)
C:\Users\QQ\source\21123\21123\21123.cpp(157,21): warning C4566: character represented by universal-character-name '\u1ECB' cannot be represented in the current code page (932)
C:\Users\QQ\source\21123\21123\21123.cpp(157,21): warning C4566: character represented by universal-character-name '\u1EE7' cannot be represented in the current code page (932)
C:\Users\QQ\source\21123\21123\21123.cpp(157,21): warning C4566: character represented by universal-character-name '\u00FA' cannot be represented in the current code page (932)
C:\Users\QQ\source\21123\21123\21123.cpp(164,21): warning C4566: character represented by universal-character-name '\u1EAD' cannot be represented in the current code page (932)
C:\Users\QQ\source\21123\21123\21123.cpp(164,21): warning C4566: character represented by universal-character-name '\u00E1' cannot be represented in the current code page (932)
C:\Users\QQ\source\21123\21123\21123.cpp(164,21): warning C4566: character represented by universal-character-name '\u1ECB' cannot be represented in the current code page (932)
C:\Users\QQ\source\21123\21123\21123.cpp(164,21): warning C4566: character represented by universal-character-name '\u1EE7' cannot be represented in the current code page (932)
C:\Users\QQ\source\21123\21123\21123.cpp(164,21): warning C4566: character represented by universal-character-name '\u00FA' cannot be represented in the current code page (932)
C:\Users\QQ\source\21123\21123\21123.cpp(197,21): warning C4566: character represented by universal-character-name '\u1EAD' cannot be represented in the current code page (932)
C:\Users\QQ\source\21123\21123\21123.cpp(197,21): warning C4566: character represented by universal-character-name '\u00E1' cannot be represented in the current code page (932)
C:\Users\QQ\source\21123\21123\21123.cpp(197,21): warning C4566: character represented by universal-character-name '\u1ECB' cannot be represented in the current code page (932)
C:\Users\QQ\source\21123\21123\21123.cpp(197,21): warning C4566: character represented by universal-character-name '\u1EA7' cannot be represented in the current code page (932)
C:\Users\QQ\source\21123\21123\21123.cpp(197,21): warning C4566: character represented by universal-character-name '\u00EC' cannot be represented in the current code page (932)
C:\Users\QQ\source\21123\21123\21123.cpp(201,25): warning C4566: character represented by universal-character-name '\u00FA' cannot be represented in the current code page (932)
C:\Users\QQ\source\21123\21123\21123.cpp(201,25): warning C4566: character represented by universal-character-name '\u00F3' cannot be represented in the current code page (932)
C:\Users\QQ\source\21123\21123\21123.cpp(201,25): warning C4566: character represented by universal-character-name '\u00E1' cannot be represented in the current code page (932)
C:\Users\QQ\source\21123\21123\21123.cpp(201,25): warning C4566: character represented by universal-character-name '\u1ECB' cannot be represented in the current code page (932)
C:\Users\QQ\source\21123\21123\21123.cpp(201,60): warning C4566: character represented by universal-character-name '\u1ED3' cannot be represented in the current code page (932)
C:\Users\QQ\source\21123\21123\21123.cpp(201,60): warning C4566: character represented by universal-character-name '\u1EA1' cannot be represented in the current code page (932)
C:\Users\QQ\source\21123\21123\21123.cpp(201,60): warning C4566: character represented by universal-character-name '\u00E2' cannot be represented in the current code page (932)
C:\Users\QQ\source\21123\21123\21123.cpp(204,25): warning C4566: character represented by universal-character-name '\u00FA' cannot be represented in the current code page (932)
C:\Users\QQ\source\21123\21123\21123.cpp(204,25): warning C4566: character represented by universal-character-name '\u00F3' cannot be represented in the current code page (932)
C:\Users\QQ\source\21123\21123\21123.cpp(204,25): warning C4566: character represented by universal-character-name '\u00E1' cannot be represented in the current code page (932)
C:\Users\QQ\source\21123\21123\21123.cpp(204,25): warning C4566: character represented by universal-character-name '\u1ECB' cannot be represented in the current code page (932)
C:\Users\QQ\source\21123\21123\21123.cpp(204,60): warning C4566: character represented by universal-character-name '\u00F4' cannot be represented in the current code page (932)
C:\Users\QQ\source\21123\21123\21123.cpp(204,60): warning C4566: character represented by universal-character-name '\u1ED3' cannot be represented in the current code page (932)
C:\Users\QQ\source\21123\21123\21123.cpp(204,60): warning C4566: character represented by universal-character-name '\u1EA1' cannot be represented in the current code page (932)
C:\Users\QQ\source\21123\21123\21123.cpp(204,60): warning C4566: character represented by universal-character-name '\u00E2' cannot be represented in the current code page (932)
C:\Users\QQ\source\21123\21123\21123.cpp(217,21): warning C4566: character represented by universal-character-name '\u00F9' cannot be represented in the current code page (932)
C:\Users\QQ\source\21123\21123\21123.cpp(217,21): warning C4566: character represented by universal-character-name '\u1ECD' cannot be represented in the current code page (932)
C:\Users\QQ\source\21123\21123\21123.cpp(217,21): warning C4566: character represented by universal-character-name '\u00F4' cannot be represented in the current code page (932)
C:\Users\QQ\source\21123\21123\21123.cpp(217,21): warning C4566: character represented by universal-character-name '\u1EE3' cannot be represented in the current code page (932)
C:\Users\QQ\source\21123\21123\21123.cpp(217,21): warning C4566: character represented by universal-character-name '\u1EC7' cannot be represented in the current code page (932)
C:\Users\QQ\source\21123\21123\21123.cpp(217,21): warning C4566: character represented by universal-character-name '\u00F2' cannot be represented in the current code page (932)
C:\Users\QQ\source\21123\21123\21123.cpp(217,21): warning C4566: character represented by universal-character-name '\u1EA1' cannot be represented in the current code page (932)
  21123.vcxproj -> C:\Users\QQ\source\21123\x64\Debug\21123.exe
